[0.395s] Invoking command in '/home/soma/ros2_ws/src/mypkg': PYTHONPATH=/home/soma/ros2_ws/src/mypkg/build/mypkg/prefix_override:/home/soma/ros2_ws/src/mypkg/install/mypkg/lib/python3.8/site-packages:${PYTHONPATH} /usr/bin/python3 setup.py egg_info --egg-base build/mypkg build --build-base /home/soma/ros2_ws/src/mypkg/build/mypkg/build install --record /home/soma/ros2_ws/src/mypkg/build/mypkg/install.log --install-scripts $base/lib/mypkg --single-version-externally-managed
[0.530s] running egg_info
[0.530s] writing build/mypkg/mypkg.egg-info/PKG-INFO
[0.530s] writing dependency_links to build/mypkg/mypkg.egg-info/dependency_links.txt
[0.530s] writing entry points to build/mypkg/mypkg.egg-info/entry_points.txt
[0.530s] writing requirements to build/mypkg/mypkg.egg-info/requires.txt
[0.530s] writing top-level names to build/mypkg/mypkg.egg-info/top_level.txt
[0.551s] reading manifest file 'build/mypkg/mypkg.egg-info/SOURCES.txt'
[0.552s] writing manifest file 'build/mypkg/mypkg.egg-info/SOURCES.txt'
[0.552s] running build
[0.552s] running build_py
[0.552s] running install
[0.553s] running install_lib
[0.554s] running install_data
[0.554s] copying package.xml -> /home/soma/ros2_ws/src/mypkg/install/mypkg/share/mypkg
[0.554s] copying launch/talk_listen.launch.py -> /home/soma/ros2_ws/src/mypkg/install/mypkg/share/mypkg
[0.554s] running install_egg_info
[0.555s] removing '/home/soma/ros2_ws/src/mypkg/install/mypkg/lib/python3.8/site-packages/mypkg-0.0.0-py3.8.egg-info' (and everything under it)
[0.556s] Copying build/mypkg/mypkg.egg-info to /home/soma/ros2_ws/src/mypkg/install/mypkg/lib/python3.8/site-packages/mypkg-0.0.0-py3.8.egg-info
[0.556s] running install_scripts
[0.567s] Installing listener script to /home/soma/ros2_ws/src/mypkg/install/mypkg/lib/mypkg
[0.567s] Installing talker script to /home/soma/ros2_ws/src/mypkg/install/mypkg/lib/mypkg
[0.567s] writing list of installed files to '/home/soma/ros2_ws/src/mypkg/build/mypkg/install.log'
[0.582s] Invoked command in '/home/soma/ros2_ws/src/mypkg' returned '0': PYTHONPATH=/home/soma/ros2_ws/src/mypkg/build/mypkg/prefix_override:/home/soma/ros2_ws/src/mypkg/install/mypkg/lib/python3.8/site-packages:${PYTHONPATH} /usr/bin/python3 setup.py egg_info --egg-base build/mypkg build --build-base /home/soma/ros2_ws/src/mypkg/build/mypkg/build install --record /home/soma/ros2_ws/src/mypkg/build/mypkg/install.log --install-scripts $base/lib/mypkg --single-version-externally-managed
