[0.367s] Invoking command in '/home/soma/ros2_ws/src/mypkg': PYTHONPATH=/home/soma/ros2_ws/src/mypkg/build/mypkg/prefix_override:/home/soma/ros2_ws/src/mypkg/install/mypkg/lib/python3.8/site-packages:${PYTHONPATH} /usr/bin/python3 setup.py egg_info --egg-base build/mypkg build --build-base /home/soma/ros2_ws/src/mypkg/build/mypkg/build install --record /home/soma/ros2_ws/src/mypkg/build/mypkg/install.log --install-scripts $base/lib/mypkg --single-version-externally-managed
[0.492s] running egg_info
[0.492s] creating build/mypkg/mypkg.egg-info
[0.493s] writing build/mypkg/mypkg.egg-info/PKG-INFO
[0.493s] writing dependency_links to build/mypkg/mypkg.egg-info/dependency_links.txt
[0.493s] writing entry points to build/mypkg/mypkg.egg-info/entry_points.txt
[0.493s] writing requirements to build/mypkg/mypkg.egg-info/requires.txt
[0.493s] writing top-level names to build/mypkg/mypkg.egg-info/top_level.txt
[0.494s] writing manifest file 'build/mypkg/mypkg.egg-info/SOURCES.txt'
[0.514s] reading manifest file 'build/mypkg/mypkg.egg-info/SOURCES.txt'
[0.515s] writing manifest file 'build/mypkg/mypkg.egg-info/SOURCES.txt'
[0.515s] running build
[0.515s] running build_py
[0.515s] creating /home/soma/ros2_ws/src/mypkg/build/mypkg/build
[0.516s] creating /home/soma/ros2_ws/src/mypkg/build/mypkg/build/lib
[0.516s] creating /home/soma/ros2_ws/src/mypkg/build/mypkg/build/lib/mypkg
[0.516s] copying mypkg/listener.py -> /home/soma/ros2_ws/src/mypkg/build/mypkg/build/lib/mypkg
[0.516s] copying mypkg/__init__.py -> /home/soma/ros2_ws/src/mypkg/build/mypkg/build/lib/mypkg
[0.516s] copying mypkg/talker.py -> /home/soma/ros2_ws/src/mypkg/build/mypkg/build/lib/mypkg
[0.517s] running install
[0.517s] running install_lib
[0.518s] creating /home/soma/ros2_ws/src/mypkg/install/mypkg/lib/python3.8/site-packages/mypkg
[0.518s] copying /home/soma/ros2_ws/src/mypkg/build/mypkg/build/lib/mypkg/listener.py -> /home/soma/ros2_ws/src/mypkg/install/mypkg/lib/python3.8/site-packages/mypkg
[0.519s] copying /home/soma/ros2_ws/src/mypkg/build/mypkg/build/lib/mypkg/__init__.py -> /home/soma/ros2_ws/src/mypkg/install/mypkg/lib/python3.8/site-packages/mypkg
[0.519s] copying /home/soma/ros2_ws/src/mypkg/build/mypkg/build/lib/mypkg/talker.py -> /home/soma/ros2_ws/src/mypkg/install/mypkg/lib/python3.8/site-packages/mypkg
[0.519s] byte-compiling /home/soma/ros2_ws/src/mypkg/install/mypkg/lib/python3.8/site-packages/mypkg/listener.py to listener.cpython-38.pyc
[0.520s] byte-compiling /home/soma/ros2_ws/src/mypkg/install/mypkg/lib/python3.8/site-packages/mypkg/__init__.py to __init__.cpython-38.pyc
[0.520s] byte-compiling /home/soma/ros2_ws/src/mypkg/install/mypkg/lib/python3.8/site-packages/mypkg/talker.py to talker.cpython-38.pyc
[0.521s] running install_data
[0.521s] creating /home/soma/ros2_ws/src/mypkg/install/mypkg/share/ament_index
[0.521s] creating /home/soma/ros2_ws/src/mypkg/install/mypkg/share/ament_index/resource_index
[0.521s] creating /home/soma/ros2_ws/src/mypkg/install/mypkg/share/ament_index/resource_index/packages
[0.521s] copying resource/mypkg -> /home/soma/ros2_ws/src/mypkg/install/mypkg/share/ament_index/resource_index/packages
[0.522s] copying package.xml -> /home/soma/ros2_ws/src/mypkg/install/mypkg/share/mypkg
[0.522s] running install_egg_info
[0.523s] Copying build/mypkg/mypkg.egg-info to /home/soma/ros2_ws/src/mypkg/install/mypkg/lib/python3.8/site-packages/mypkg-0.0.0-py3.8.egg-info
[0.524s] running install_scripts
[0.534s] Installing listener script to /home/soma/ros2_ws/src/mypkg/install/mypkg/lib/mypkg
[0.534s] Installing talker script to /home/soma/ros2_ws/src/mypkg/install/mypkg/lib/mypkg
[0.534s] writing list of installed files to '/home/soma/ros2_ws/src/mypkg/build/mypkg/install.log'
[0.550s] Invoked command in '/home/soma/ros2_ws/src/mypkg' returned '0': PYTHONPATH=/home/soma/ros2_ws/src/mypkg/build/mypkg/prefix_override:/home/soma/ros2_ws/src/mypkg/install/mypkg/lib/python3.8/site-packages:${PYTHONPATH} /usr/bin/python3 setup.py egg_info --egg-base build/mypkg build --build-base /home/soma/ros2_ws/src/mypkg/build/mypkg/build install --record /home/soma/ros2_ws/src/mypkg/build/mypkg/install.log --install-scripts $base/lib/mypkg --single-version-externally-managed
