[0.496s] Invoking command in '/home/soma/ros2_ws/src/mypkg': PYTHONPATH=/home/soma/ros2_ws/src/mypkg/build/mypkg/prefix_override:/home/soma/ros2_ws/src/mypkg/install/mypkg/lib/python3.8/site-packages:${PYTHONPATH} /usr/bin/python3 setup.py egg_info --egg-base build/mypkg build --build-base /home/soma/ros2_ws/src/mypkg/build/mypkg/build install --record /home/soma/ros2_ws/src/mypkg/build/mypkg/install.log --install-scripts $base/lib/mypkg --single-version-externally-managed
[0.628s] running egg_info
[0.628s] writing build/mypkg/mypkg.egg-info/PKG-INFO
[0.628s] writing dependency_links to build/mypkg/mypkg.egg-info/dependency_links.txt
[0.628s] writing entry points to build/mypkg/mypkg.egg-info/entry_points.txt
[0.629s] writing requirements to build/mypkg/mypkg.egg-info/requires.txt
[0.629s] writing top-level names to build/mypkg/mypkg.egg-info/top_level.txt
[0.653s] reading manifest file 'build/mypkg/mypkg.egg-info/SOURCES.txt'
[0.654s] writing manifest file 'build/mypkg/mypkg.egg-info/SOURCES.txt'
[0.654s] running build
[0.654s] running build_py
[0.654s] copying mypkg/listener.py -> /home/soma/ros2_ws/src/mypkg/build/mypkg/build/lib/mypkg
[0.655s] copying mypkg/talker.py -> /home/soma/ros2_ws/src/mypkg/build/mypkg/build/lib/mypkg
[0.655s] running install
[0.656s] running install_lib
[0.657s] copying /home/soma/ros2_ws/src/mypkg/build/mypkg/build/lib/mypkg/listener.py -> /home/soma/ros2_ws/src/mypkg/install/mypkg/lib/python3.8/site-packages/mypkg
[0.657s] copying /home/soma/ros2_ws/src/mypkg/build/mypkg/build/lib/mypkg/talker.py -> /home/soma/ros2_ws/src/mypkg/install/mypkg/lib/python3.8/site-packages/mypkg
[0.658s] byte-compiling /home/soma/ros2_ws/src/mypkg/install/mypkg/lib/python3.8/site-packages/mypkg/listener.py to listener.cpython-38.pyc
[0.659s] byte-compiling /home/soma/ros2_ws/src/mypkg/install/mypkg/lib/python3.8/site-packages/mypkg/talker.py to talker.cpython-38.pyc
[0.659s] running install_data
[0.660s] copying launch/talk_listen.launch.py -> /home/soma/ros2_ws/src/mypkg/install/mypkg/share/mypkg
[0.660s] running install_egg_info
[0.661s] removing '/home/soma/ros2_ws/src/mypkg/install/mypkg/lib/python3.8/site-packages/mypkg-0.0.0-py3.8.egg-info' (and everything under it)
[0.662s] Copying build/mypkg/mypkg.egg-info to /home/soma/ros2_ws/src/mypkg/install/mypkg/lib/python3.8/site-packages/mypkg-0.0.0-py3.8.egg-info
[0.663s] running install_scripts
[0.674s] Installing listener script to /home/soma/ros2_ws/src/mypkg/install/mypkg/lib/mypkg
[0.674s] Installing talker script to /home/soma/ros2_ws/src/mypkg/install/mypkg/lib/mypkg
[0.674s] writing list of installed files to '/home/soma/ros2_ws/src/mypkg/build/mypkg/install.log'
[0.690s] Invoked command in '/home/soma/ros2_ws/src/mypkg' returned '0': PYTHONPATH=/home/soma/ros2_ws/src/mypkg/build/mypkg/prefix_override:/home/soma/ros2_ws/src/mypkg/install/mypkg/lib/python3.8/site-packages:${PYTHONPATH} /usr/bin/python3 setup.py egg_info --egg-base build/mypkg build --build-base /home/soma/ros2_ws/src/mypkg/build/mypkg/build install --record /home/soma/ros2_ws/src/mypkg/build/mypkg/install.log --install-scripts $base/lib/mypkg --single-version-externally-managed
